INFO     - 2023-12-21 00:19:56,847  
В модуле "Провверка даты " в строке 035 функция "valid()" 
записала сообщение: Такая дата существует
12.12.1596

ERROR    - 2023-12-21 00:19:56,847  
В модуле "Провверка даты " в строке 027 функция "valid()" 
записала сообщение: Ошибка: что-то напутано с днями в месяце
31.4.1269

ERROR    - 2023-12-21 00:19:56,847  
В модуле "Провверка даты " в строке 024 функция "valid()" 
записала сообщение: Ошибка: что-то напутано с годами, днями и месяцами
25.23.1458

CRITICAL - 2023-12-21 00:19:56,847  
В модуле "Провверка даты " в строке 054 функция "<module>()" 
записала сообщение: Ошибка: не правильный формат ввода данных
 ('12.12.1596', '31.4.1269', '25.23.1458', 12.48, 'hh,h,hhhh', True, 'ghhhjkkk', <class 'bool'>, 15, '45.10.1598')
12.48 

CRITICAL - 2023-12-21 00:19:56,847  
В модуле "Провверка даты " в строке 054 функция "<module>()" 
записала сообщение: Ошибка: не правильный формат ввода данных
 ('12.12.1596', '31.4.1269', '25.23.1458', 12.48, 'hh,h,hhhh', True, 'ghhhjkkk', <class 'bool'>, 15, '45.10.1598')
hh,h,hhhh 

CRITICAL - 2023-12-21 00:19:56,847  
В модуле "Провверка даты " в строке 054 функция "<module>()" 
записала сообщение: Ошибка: не правильный формат ввода данных
 ('12.12.1596', '31.4.1269', '25.23.1458', 12.48, 'hh,h,hhhh', True, 'ghhhjkkk', <class 'bool'>, 15, '45.10.1598')
True 

CRITICAL - 2023-12-21 00:19:56,847  
В модуле "Провверка даты " в строке 054 функция "<module>()" 
записала сообщение: Ошибка: не правильный формат ввода данных
 ('12.12.1596', '31.4.1269', '25.23.1458', 12.48, 'hh,h,hhhh', True, 'ghhhjkkk', <class 'bool'>, 15, '45.10.1598')
ghhhjkkk 

CRITICAL - 2023-12-21 00:19:56,847  
В модуле "Провверка даты " в строке 054 функция "<module>()" 
записала сообщение: Ошибка: не правильный формат ввода данных
 ('12.12.1596', '31.4.1269', '25.23.1458', 12.48, 'hh,h,hhhh', True, 'ghhhjkkk', <class 'bool'>, 15, '45.10.1598')
<class 'bool'> 

CRITICAL - 2023-12-21 00:19:56,847  
В модуле "Провверка даты " в строке 054 функция "<module>()" 
записала сообщение: Ошибка: не правильный формат ввода данных
 ('12.12.1596', '31.4.1269', '25.23.1458', 12.48, 'hh,h,hhhh', True, 'ghhhjkkk', <class 'bool'>, 15, '45.10.1598')
15 

ERROR    - 2023-12-21 00:19:56,847  
В модуле "Провверка даты " в строке 024 функция "valid()" 
записала сообщение: Ошибка: что-то напутано с годами, днями и месяцами
45.10.1598

INFO     - 2023-12-21 00:23:40,611  
В модуле "Провверка даты " в строке 035 функция "valid()" 
записала сообщение: Такая дата существует
12.12.1596

ERROR    - 2023-12-21 00:23:40,612  
В модуле "Провверка даты " в строке 027 функция "valid()" 
записала сообщение: Ошибка: что-то напутано с днями в месяце
31.4.1269

ERROR    - 2023-12-21 00:23:40,612  
В модуле "Провверка даты " в строке 024 функция "valid()" 
записала сообщение: Ошибка: что-то напутано с годами, днями и месяцами
25.23.1458

CRITICAL - 2023-12-21 00:23:40,663  
В модуле "Провверка даты " в строке 050 функция "<module>()" 
записала сообщение: Ошибка: не правильный формат ввода данных
 ('12.12.1596', '31.4.1269', '25.23.1458', 12.48, 'hh,h,hhhh', True, 'ghhhjkkk', <class 'bool'>, 15, '45.10.1598')
12.48 

CRITICAL - 2023-12-21 00:23:40,663  
В модуле "Провверка даты " в строке 050 функция "<module>()" 
записала сообщение: Ошибка: не правильный формат ввода данных
 ('12.12.1596', '31.4.1269', '25.23.1458', 12.48, 'hh,h,hhhh', True, 'ghhhjkkk', <class 'bool'>, 15, '45.10.1598')
hh,h,hhhh 

CRITICAL - 2023-12-21 00:23:40,664  
В модуле "Провверка даты " в строке 050 функция "<module>()" 
записала сообщение: Ошибка: не правильный формат ввода данных
 ('12.12.1596', '31.4.1269', '25.23.1458', 12.48, 'hh,h,hhhh', True, 'ghhhjkkk', <class 'bool'>, 15, '45.10.1598')
True 

CRITICAL - 2023-12-21 00:23:40,664  
В модуле "Провверка даты " в строке 050 функция "<module>()" 
записала сообщение: Ошибка: не правильный формат ввода данных
 ('12.12.1596', '31.4.1269', '25.23.1458', 12.48, 'hh,h,hhhh', True, 'ghhhjkkk', <class 'bool'>, 15, '45.10.1598')
ghhhjkkk 

CRITICAL - 2023-12-21 00:23:40,664  
В модуле "Провверка даты " в строке 050 функция "<module>()" 
записала сообщение: Ошибка: не правильный формат ввода данных
 ('12.12.1596', '31.4.1269', '25.23.1458', 12.48, 'hh,h,hhhh', True, 'ghhhjkkk', <class 'bool'>, 15, '45.10.1598')
<class 'bool'> 

CRITICAL - 2023-12-21 00:23:40,664  
В модуле "Провверка даты " в строке 050 функция "<module>()" 
записала сообщение: Ошибка: не правильный формат ввода данных
 ('12.12.1596', '31.4.1269', '25.23.1458', 12.48, 'hh,h,hhhh', True, 'ghhhjkkk', <class 'bool'>, 15, '45.10.1598')
15 

ERROR    - 2023-12-21 00:23:40,664  
В модуле "Провверка даты " в строке 024 функция "valid()" 
записала сообщение: Ошибка: что-то напутано с годами, днями и месяцами
45.10.1598

