INFO     - 2023-12-21 00:53:59,489  
В модуле "4 доски " в строке 048 функция "generate_boards()" 
записала сообщение: Общее колличество итераций
1084143 

INFO     - 2023-12-21 00:53:59,489  
В модуле "4 доски " в строке 049 функция "generate_boards()" 
записала сообщение: Расстановка ферзей на шахматной доске
[[(1, 5), (2, 7), (3, 4), (4, 1), (5, 3), (6, 8), (7, 6), (8, 2)], [(1, 4), (2, 2), (3, 7), (4, 3), (5, 6), (6, 8), (7, 5), (8, 1)], [(1, 6), (2, 4), (3, 7), (4, 1), (5, 3), (6, 5), (7, 2), (8, 8)], [(1, 6), (2, 1), (3, 5), (4, 2), (5, 8), (6, 3), (7, 7), (8, 4)]] 

INFO     - 2023-12-21 01:04:52,976  
В модуле "4 доски " в строке 049 функция "generate_boards()" 
записала сообщение: Общее колличество итераций
1279122 

INFO     - 2023-12-21 01:04:52,976  
В модуле "4 доски " в строке 050 функция "generate_boards()" 
записала сообщение: Расстановка ферзей на шахматной доске
[[(1, 5), (2, 1), (3, 8), (4, 4), (5, 2), (6, 7), (7, 3), (8, 6)], [(1, 6), (2, 4), (3, 7), (4, 1), (5, 8), (6, 2), (7, 5), (8, 3)], [(1, 5), (2, 3), (3, 1), (4, 7), (5, 2), (6, 8), (7, 6), (8, 4)], [(1, 6), (2, 4), (3, 7), (4, 1), (5, 3), (6, 5), (7, 2), (8, 8)]] 

INFO     - 2023-12-21 01:08:24,310  
В модуле "4 доски " в строке 049 функция "generate_boards()" 
записала сообщение: Общее колличество итераций
435352 

INFO     - 2023-12-21 01:08:24,310  
В модуле "4 доски " в строке 050 функция "generate_boards()" 
записала сообщение: Расстановка ферзей на шахматной доске
[[(1, 5), (2, 3), (3, 8), (4, 4), (5, 7), (6, 1), (7, 6), (8, 2)], [(1, 6), (2, 3), (3, 1), (4, 8), (5, 5), (6, 2), (7, 4), (8, 7)], [(1, 5), (2, 1), (3, 4), (4, 6), (5, 8), (6, 2), (7, 7), (8, 3)], [(1, 5), (2, 1), (3, 4), (4, 6), (5, 8), (6, 2), (7, 7), (8, 3)]] 

INFO     - 2023-12-21 01:08:36,116  
В модуле "4 доски " в строке 048 функция "generate_boards()" 
записала сообщение: Общее колличество итераций
287976 

INFO     - 2023-12-21 01:08:36,116  
В модуле "4 доски " в строке 049 функция "generate_boards()" 
записала сообщение: Расстановка ферзей на шахматной доске
[[(1, 6), (2, 2), (3, 7), (4, 1), (5, 4), (6, 8), (7, 5), (8, 3)], [(1, 7), (2, 3), (3, 1), (4, 6), (5, 8), (6, 5), (7, 2), (8, 4)], [(1, 3), (2, 7), (3, 2), (4, 8), (5, 6), (6, 4), (7, 1), (8, 5)], [(1, 5), (2, 1), (3, 8), (4, 6), (5, 3), (6, 7), (7, 2), (8, 4)]] 

INFO     - 2023-12-21 01:09:29,417  
В модуле "4 доски " в строке 048 функция "generate_boards()" 
записала сообщение: Общее колличество итераций
18573 

INFO     - 2023-12-21 01:09:29,417  
В модуле "4 доски " в строке 049 функция "generate_boards()" 
записала сообщение: Расстановка ферзей на шахматной доске
[[(1, 8), (2, 3), (3, 1), (4, 6), (5, 2), (6, 5), (7, 7)], [(1, 6), (2, 1), (3, 7), (4, 5), (5, 8), (6, 2), (7, 4)], [(1, 3), (2, 5), (3, 8), (4, 2), (5, 4), (6, 7), (7, 1)], [(1, 8), (2, 4), (3, 1), (4, 7), (5, 2), (6, 6), (7, 3)]] 

INFO     - 2023-12-21 02:21:10,212  
В модуле "4 доски " в строке 050 функция "generate_boards()" 
записала сообщение: Общее колличество итераций
468017 

INFO     - 2023-12-21 02:21:10,215  
В модуле "4 доски " в строке 051 функция "generate_boards()" 
записала сообщение: Расстановка ферзей на шахматной доске
[[(1, 5), (2, 2), (3, 4), (4, 6), (5, 8), (6, 3), (7, 1), (8, 7)], [(1, 5), (2, 1), (3, 8), (4, 4), (5, 2), (6, 7), (7, 3), (8, 6)], [(1, 3), (2, 1), (3, 7), (4, 5), (5, 8), (6, 2), (7, 4), (8, 6)], [(1, 5), (2, 7), (3, 4), (4, 1), (5, 3), (6, 8), (7, 6), (8, 2)]] 

INFO     - 2023-12-21 02:21:10,215  
В модуле "4 доски " в строке 057 функция "<module>()" 
записала сообщение: Время работы программы 
-1 day, 23:59:53.640048 

INFO     - 2023-12-21 02:22:55,591  
В модуле "4 доски " в строке 050 функция "generate_boards()" 
записала сообщение: Общее колличество итераций
1444676 

INFO     - 2023-12-21 02:22:55,591  
В модуле "4 доски " в строке 051 функция "generate_boards()" 
записала сообщение: Расстановка ферзей на шахматной доске
[[(1, 5), (2, 3), (3, 8), (4, 4), (5, 7), (6, 1), (7, 6), (8, 2)], [(1, 3), (2, 5), (3, 8), (4, 4), (5, 1), (6, 7), (7, 2), (8, 6)], [(1, 2), (2, 6), (3, 1), (4, 7), (5, 4), (6, 8), (7, 3), (8, 5)], [(1, 6), (2, 2), (3, 7), (4, 1), (5, 4), (6, 8), (7, 5), (8, 3)]] 

INFO     - 2023-12-21 02:22:55,591  
В модуле "4 доски " в строке 057 функция "<module>()" 
записала сообщение: Время работы программы 
-1 day, 23:59:41.093304 

INFO     - 2023-12-21 02:26:32,889  
В модуле "4 доски " в строке 050 функция "generate_boards()" 
записала сообщение: Общее колличество итераций
977793 

INFO     - 2023-12-21 02:26:32,889  
В модуле "4 доски " в строке 051 функция "generate_boards()" 
записала сообщение: Расстановка ферзей на шахматной доске
[[(1, 5), (2, 7), (3, 2), (4, 6), (5, 3), (6, 1), (7, 4), (8, 8)], [(1, 7), (2, 3), (3, 1), (4, 6), (5, 8), (6, 5), (7, 2), (8, 4)], [(1, 7), (2, 4), (3, 2), (4, 8), (5, 6), (6, 1), (7, 3), (8, 5)], [(1, 1), (2, 7), (3, 4), (4, 6), (5, 8), (6, 2), (7, 5), (8, 3)]] 

INFO     - 2023-12-21 02:26:32,890  
В модуле "4 доски " в строке 058 функция "<module>()" 
записала сообщение: Время работы программы 
0:00:12.943853 

INFO     - 2023-12-21 02:37:50,966  
В модуле "4 доски " в строке 050 функция "generate_boards()" 
записала сообщение: Общее колличество итераций
478196 

INFO     - 2023-12-21 02:37:50,968  
В модуле "4 доски " в строке 051 функция "generate_boards()" 
записала сообщение: Расстановка ферзей на шахматной доске
[[(1, 3), (2, 6), (3, 2), (4, 7), (5, 1), (6, 4), (7, 8), (8, 5)], [(1, 6), (2, 3), (3, 1), (4, 8), (5, 4), (6, 2), (7, 7), (8, 5)], [(1, 7), (2, 1), (3, 3), (4, 8), (5, 6), (6, 4), (7, 2), (8, 5)], [(1, 3), (2, 7), (3, 2), (4, 8), (5, 5), (6, 1), (7, 4), (8, 6)]] 

INFO     - 2023-12-21 02:37:50,969  
В модуле "4 доски " в строке 058 функция "<module>()" 
записала сообщение: Время работы программы 
0:00:07.036748 

INFO     - 2023-12-21 11:09:35,939  
В модуле "4 доски " в строке 050 функция "generate_boards()" 
записала сообщение: Общее колличество итераций, вариантов
710971 

INFO     - 2023-12-21 11:09:35,940  
В модуле "4 доски " в строке 051 функция "generate_boards()" 
записала сообщение: Расстановка ферзей на шахматной доске
[[(1, 4), (2, 7), (3, 5), (4, 2), (5, 6), (6, 1), (7, 3), (8, 8)], [(1, 5), (2, 1), (3, 4), (4, 6), (5, 8), (6, 2), (7, 7), (8, 3)], [(1, 2), (2, 8), (3, 6), (4, 1), (5, 3), (6, 5), (7, 7), (8, 4)], [(1, 6), (2, 8), (3, 2), (4, 4), (5, 1), (6, 7), (7, 5), (8, 3)]] 

INFO     - 2023-12-21 11:09:35,941  
В модуле "4 доски " в строке 058 функция "<module>()" 
записала сообщение: Время работы программы 
0:00:14.362061 

INFO     - 2023-12-21 11:33:54,492  
В модуле "4 доски " в строке 057 функция "generate_boards()" 
записала сообщение: Общее колличество итераций, вариантов
442455 

INFO     - 2023-12-21 11:33:54,496  
В модуле "4 доски " в строке 058 функция "generate_boards()" 
записала сообщение: Расстановка ферзей на шахматной доске
[[(1, 4), (2, 1), (3, 5), (4, 8), (5, 2), (6, 7), (7, 3), (8, 6)], [(1, 7), (2, 3), (3, 8), (4, 2), (5, 5), (6, 1), (7, 6), (8, 4)], [(1, 4), (2, 6), (3, 1), (4, 5), (5, 2), (6, 8), (7, 3), (8, 7)], [(1, 6), (2, 3), (3, 1), (4, 8), (5, 4), (6, 2), (7, 7), (8, 5)]] 

INFO     - 2023-12-21 11:33:54,496  
В модуле "4 доски " в строке 065 функция "<module>()" 
записала сообщение: Время работы программы 
0:00:05.885350 

