ERROR    - 2023-12-21 00:26:33,957  
В модуле "Шахматы" в строке 036 функция "check_queens()" 
записала сообщение: что-то в вводных данныох не верно
[(1, 1), (2, 3), (3, 5), (4, 7), (5, 2), (6, 4), (7, 6), (3, 7), 5]

INFO     - 2023-12-21 00:26:33,958  
В модуле "Шахматы" в строке 031 функция "check_queens()" 
записала сообщение: 
 Ферзи бьют друг друга при такой расстановке
[(1, 2), (2, 4), (3, 6), (5, 8), (6, 1), (5, 3), (7, 7), (8, 5)]

INFO     - 2023-12-21 00:26:33,958  
В модуле "Шахматы" в строке 033 функция "check_queens()" 
записала сообщение: Ферзи раставлены верно при такой расстановке
[(1, 2), (2, 4), (3, 6), (4, 8), (16, 1), (5, 3), (7, 7), (8, 5)]

ERROR    - 2023-12-21 00:26:33,958  
В модуле "Шахматы" в строке 027 функция "check_queens()" 
записала сообщение:  размер картежа не равен 2
[(1, 1), (2, 3), (3, 5), (4, 7), (5, 2), (6, 4), (7, 6, 5), (8, 8)]

CRITICAL - 2023-12-21 00:26:33,958  
В модуле "Шахматы" в строке 064 функция "<module>()" 
записала сообщение: что-то в вводных данныох не верно
[(1, 1), (2, 3), (3, 5), (4, 7), (5, 2), (6, 4), (5, 6), (6, <class 'bool'>)]

ERROR    - 2023-12-21 02:38:03,717  
В модуле "Шахматы" в строке 042 функция "check_queens()" 
записала сообщение: что-то в вводных данныох не верно
[(1, 1), (2, 3), (3, 5), (4, 7), (5, 2), (6, 4), (7, 6), (3, 7), 5]

INFO     - 2023-12-21 02:38:03,766  
В модуле "Шахматы" в строке 037 функция "check_queens()" 
записала сообщение: 
 Ферзи бьют друг друга при такой расстановке
[(1, 2), (2, 4), (3, 6), (5, 8), (6, 1), (5, 3), (7, 7), (8, 5)]

INFO     - 2023-12-21 02:38:03,766  
В модуле "Шахматы" в строке 039 функция "check_queens()" 
записала сообщение: Ферзи раставлены верно при такой расстановке
[(1, 2), (2, 4), (3, 6), (4, 8), (16, 1), (5, 3), (7, 7), (8, 5)]

ERROR    - 2023-12-21 02:38:03,766  
В модуле "Шахматы" в строке 033 функция "check_queens()" 
записала сообщение:  размер картежа не равен 2
[(1, 1), (2, 3), (3, 5), (4, 7), (5, 2), (6, 4), (7, 6, 5), (8, 8)]

CRITICAL - 2023-12-21 02:38:03,766  
В модуле "Шахматы" в строке 064 функция "<module>()" 
записала сообщение: что-то в вводных данныох не верно
[(1, 1), (2, 3), (3, 5), (4, 7), (5, 2), (6, 4), (5, 6), (6, <class 'bool'>)]

ERROR    - 2023-12-21 17:52:47,483  
В модуле "Шахматы" в строке 047 функция "check_queens()" 
записала сообщение: что-то в вводных данныох не верно
[(1, 1), (2, 3), (3, 5), (4, 7), (5, 2), (6, 4), (7, 6), (3, 7), 5]

INFO     - 2023-12-21 17:52:47,485  
В модуле "Шахматы" в строке 042 функция "check_queens()" 
записала сообщение: 
 Ферзи бьют друг друга при такой расстановке
[(1, 2), (2, 4), (3, 6), (5, 8), (6, 1), (5, 3), (7, 7), (8, 5)]

INFO     - 2023-12-21 17:52:47,485  
В модуле "Шахматы" в строке 044 функция "check_queens()" 
записала сообщение: Ферзи раставлены верно при такой расстановке
[(1, 2), (2, 4), (3, 6), (4, 8), (16, 1), (5, 3), (7, 7), (8, 5)]

ERROR    - 2023-12-21 17:52:47,485  
В модуле "Шахматы" в строке 038 функция "check_queens()" 
записала сообщение:  размер картежа не равен 2
[(1, 1), (2, 3), (3, 5), (4, 7), (5, 2), (6, 4), (7, 6, 5), (8, 8)]

CRITICAL - 2023-12-21 17:52:47,485  
В модуле "Шахматы" в строке 069 функция "<module>()" 
записала сообщение: что-то в вводных данныох не верно
[(1, 1), (2, 3), (3, 5), (4, 7), (5, 2), (6, 4), (5, 6), (6, <class 'bool'>)]

